<?xml version="1.0" encoding="UTF-8"?>
<testsuite name="com.epam.esm.servises.impl.CertificateServiceImplTest" tests="7" skipped="0" failures="0" errors="0" timestamp="2022-06-13T18:56:45" hostname="LAPTOP-61C39QV4" time="0.152">
  <properties/>
  <testcase name="updateEntity()" classname="com.epam.esm.servises.impl.CertificateServiceImplTest" time="0.073"/>
  <testcase name="deleteEntity()" classname="com.epam.esm.servises.impl.CertificateServiceImplTest" time="0.01"/>
  <testcase name="getAllEntity()" classname="com.epam.esm.servises.impl.CertificateServiceImplTest" time="0.002"/>
  <testcase name="getEntity()" classname="com.epam.esm.servises.impl.CertificateServiceImplTest" time="0.008"/>
  <testcase name="saveEntity()" classname="com.epam.esm.servises.impl.CertificateServiceImplTest" time="0.002"/>
  <testcase name="getCertificatesByTag()" classname="com.epam.esm.servises.impl.CertificateServiceImplTest" time="0.037"/>
  <testcase name="getCertificatesByName()" classname="com.epam.esm.servises.impl.CertificateServiceImplTest" time="0.009"/>
  <system-out><![CDATA[]]></system-out>
  <system-err><![CDATA[]]></system-err>
</testsuite>
