<?xml version="1.0" encoding="UTF-8"?>
<testsuite name="com.epam.esm.servises.impl.CertificateServiceImplTest" tests="1" skipped="0" failures="0" errors="0" timestamp="2022-09-17T12:12:23" hostname="LAPTOP-61C39QV4" time="0.068">
  <properties/>
  <testcase name="countAllCertificates()" classname="com.epam.esm.servises.impl.CertificateServiceImplTest" time="0.068"/>
  <system-out><![CDATA[]]></system-out>
  <system-err><![CDATA[]]></system-err>
</testsuite>
